  ButtonSFML.cpp
  Comment.cpp
  Display.cpp
C:\Users\anaop\OneDrive\Desktop\UNITBV\Anul2\twitter123\Twitter\Twitter10lf203\Display.cpp(128,14): warning C4244: 'initializing': conversion from 'T' to 'float', possible loss of data
          with
          [
              T=int
          ]
C:\Users\anaop\OneDrive\Desktop\UNITBV\Anul2\twitter123\Twitter\Twitter10lf203\Display.cpp(129,14): warning C4244: 'initializing': conversion from 'T' to 'float', possible loss of data
          with
          [
              T=int
          ]
C:\Users\anaop\OneDrive\Desktop\UNITBV\Anul2\twitter123\Twitter\Twitter10lf203\Display.cpp(408,58): warning C4244: 'argument': conversion from 'unsigned int' to 'float', possible loss of data
C:\Users\anaop\OneDrive\Desktop\UNITBV\Anul2\twitter123\Twitter\Twitter10lf203\Display.cpp(408,40): warning C4244: 'argument': conversion from 'unsigned int' to 'float', possible loss of data
C:\Users\anaop\OneDrive\Desktop\UNITBV\Anul2\twitter123\Twitter\Twitter10lf203\Display.cpp(411,53): warning C4244: 'argument': conversion from 'unsigned int' to 'float', possible loss of data
C:\Users\anaop\OneDrive\Desktop\UNITBV\Anul2\twitter123\Twitter\Twitter10lf203\Display.cpp(437,67): warning C4244: 'argument': conversion from 'unsigned int' to 'float', possible loss of data
C:\Users\anaop\OneDrive\Desktop\UNITBV\Anul2\twitter123\Twitter\Twitter10lf203\Display.cpp(437,38): warning C4244: 'argument': conversion from 'unsigned int' to 'float', possible loss of data
C:\Users\anaop\OneDrive\Desktop\UNITBV\Anul2\twitter123\Twitter\Twitter10lf203\Display.cpp(456,59): warning C4244: 'argument': conversion from 'unsigned int' to 'float', possible loss of data
C:\Users\anaop\OneDrive\Desktop\UNITBV\Anul2\twitter123\Twitter\Twitter10lf203\Display.cpp(456,41): warning C4244: 'argument': conversion from 'unsigned int' to 'float', possible loss of data
C:\Users\anaop\OneDrive\Desktop\UNITBV\Anul2\twitter123\Twitter\Twitter10lf203\Display.cpp(457,33): warning C4305: 'argument': truncation from 'double' to 'float'
C:\Users\anaop\OneDrive\Desktop\UNITBV\Anul2\twitter123\Twitter\Twitter10lf203\Display.cpp(477,30): warning C4305: 'argument': truncation from 'double' to 'float'
C:\Users\anaop\OneDrive\Desktop\UNITBV\Anul2\twitter123\Twitter\Twitter10lf203\Display.cpp(478,37): warning C4305: 'argument': truncation from 'double' to 'float'
C:\Users\anaop\OneDrive\Desktop\UNITBV\Anul2\twitter123\Twitter\Twitter10lf203\Display.cpp(566,24): warning C4305: 'initializing': truncation from 'double' to 'float'
C:\Users\anaop\OneDrive\Desktop\UNITBV\Anul2\twitter123\Twitter\Twitter10lf203\Display.cpp(678,15): warning C4244: 'initializing': conversion from 'T' to 'float', possible loss of data
          with
          [
              T=int
          ]
C:\Users\anaop\OneDrive\Desktop\UNITBV\Anul2\twitter123\Twitter\Twitter10lf203\Display.cpp(679,15): warning C4244: 'initializing': conversion from 'T' to 'float', possible loss of data
          with
          [
              T=int
          ]
  Hashtag.cpp
  LoginManager.cpp
  Main.cpp
  MenuScene.cpp
C:\Users\anaop\OneDrive\Desktop\UNITBV\Anul2\twitter123\Twitter\Twitter10lf203\MenuScene.cpp(6,118): warning C4244: 'argument': conversion from 'T' to 'T', possible loss of data
          with
          [
              T=unsigned int
          ]
          and
          [
              T=float
          ]
C:\Users\anaop\OneDrive\Desktop\UNITBV\Anul2\twitter123\Twitter\Twitter10lf203\MenuScene.cpp(6,89): warning C4244: 'argument': conversion from 'double' to 'T', possible loss of data
          with
          [
              T=float
          ]
C:\Users\anaop\OneDrive\Desktop\UNITBV\Anul2\twitter123\Twitter\Twitter10lf203\MenuScene.cpp(6,173): warning C4244: 'argument': conversion from 'T' to 'float', possible loss of data
          with
          [
              T=unsigned int
          ]
C:\Users\anaop\OneDrive\Desktop\UNITBV\Anul2\twitter123\Twitter\Twitter10lf203\MenuScene.cpp(6,146): warning C4244: 'argument': conversion from 'T' to 'float', possible loss of data
          with
          [
              T=unsigned int
          ]
C:\Users\anaop\OneDrive\Desktop\UNITBV\Anul2\twitter123\Twitter\Twitter10lf203\MenuScene.cpp(7,121): warning C4244: 'argument': conversion from 'T' to 'T', possible loss of data
          with
          [
              T=unsigned int
          ]
          and
          [
              T=float
          ]
C:\Users\anaop\OneDrive\Desktop\UNITBV\Anul2\twitter123\Twitter\Twitter10lf203\MenuScene.cpp(7,92): warning C4244: 'argument': conversion from 'double' to 'T', possible loss of data
          with
          [
              T=float
          ]
C:\Users\anaop\OneDrive\Desktop\UNITBV\Anul2\twitter123\Twitter\Twitter10lf203\MenuScene.cpp(7,176): warning C4244: 'argument': conversion from 'T' to 'float', possible loss of data
          with
          [
              T=unsigned int
          ]
C:\Users\anaop\OneDrive\Desktop\UNITBV\Anul2\twitter123\Twitter\Twitter10lf203\MenuScene.cpp(7,149): warning C4244: 'argument': conversion from 'T' to 'float', possible loss of data
          with
          [
              T=unsigned int
          ]
C:\Users\anaop\OneDrive\Desktop\UNITBV\Anul2\twitter123\Twitter\Twitter10lf203\MenuScene.cpp(35,80): warning C4244: 'argument': conversion from 'T' to 'T', possible loss of data
          with
          [
              T=unsigned int
          ]
          and
          [
              T=float
          ]
C:\Users\anaop\OneDrive\Desktop\UNITBV\Anul2\twitter123\Twitter\Twitter10lf203\MenuScene.cpp(35,59): warning C4244: 'argument': conversion from 'T' to 'T', possible loss of data
          with
          [
              T=unsigned int
          ]
          and
          [
              T=float
          ]
  RegisterLoginScene.cpp
C:\Users\anaop\OneDrive\Desktop\UNITBV\Anul2\twitter123\Twitter\Twitter10lf203\RegisterLoginScene.cpp(11,80): warning C4244: 'argument': conversion from 'T' to 'T', possible loss of data
          with
          [
              T=unsigned int
          ]
          and
          [
              T=float
          ]
C:\Users\anaop\OneDrive\Desktop\UNITBV\Anul2\twitter123\Twitter\Twitter10lf203\RegisterLoginScene.cpp(11,59): warning C4244: 'argument': conversion from 'T' to 'T', possible loss of data
          with
          [
              T=unsigned int
          ]
          and
          [
              T=float
          ]
C:\Users\anaop\OneDrive\Desktop\UNITBV\Anul2\twitter123\Twitter\Twitter10lf203\RegisterLoginScene.cpp(23,117): warning C4244: 'argument': conversion from 'T' to 'T', possible loss of data
          with
          [
              T=unsigned int
          ]
          and
          [
              T=float
          ]
C:\Users\anaop\OneDrive\Desktop\UNITBV\Anul2\twitter123\Twitter\Twitter10lf203\RegisterLoginScene.cpp(23,88): warning C4244: 'argument': conversion from 'double' to 'T', possible loss of data
          with
          [
              T=float
          ]
C:\Users\anaop\OneDrive\Desktop\UNITBV\Anul2\twitter123\Twitter\Twitter10lf203\RegisterLoginScene.cpp(23,172): warning C4244: 'argument': conversion from 'T' to 'float', possible loss of data
          with
          [
              T=unsigned int
          ]
C:\Users\anaop\OneDrive\Desktop\UNITBV\Anul2\twitter123\Twitter\Twitter10lf203\RegisterLoginScene.cpp(23,145): warning C4244: 'argument': conversion from 'T' to 'float', possible loss of data
          with
          [
              T=unsigned int
          ]
C:\Users\anaop\OneDrive\Desktop\UNITBV\Anul2\twitter123\Twitter\Twitter10lf203\RegisterLoginScene.cpp(24,117): warning C4244: 'argument': conversion from 'T' to 'T', possible loss of data
          with
          [
              T=unsigned int
          ]
          and
          [
              T=float
          ]
C:\Users\anaop\OneDrive\Desktop\UNITBV\Anul2\twitter123\Twitter\Twitter10lf203\RegisterLoginScene.cpp(24,88): warning C4244: 'argument': conversion from 'double' to 'T', possible loss of data
          with
          [
              T=float
          ]
C:\Users\anaop\OneDrive\Desktop\UNITBV\Anul2\twitter123\Twitter\Twitter10lf203\RegisterLoginScene.cpp(24,172): warning C4244: 'argument': conversion from 'T' to 'float', possible loss of data
          with
          [
              T=unsigned int
          ]
C:\Users\anaop\OneDrive\Desktop\UNITBV\Anul2\twitter123\Twitter\Twitter10lf203\RegisterLoginScene.cpp(24,145): warning C4244: 'argument': conversion from 'T' to 'float', possible loss of data
          with
          [
              T=unsigned int
          ]
  Post.cpp
  Retweet.cpp
  SceneSFML.cpp
  Twitter.cpp
  User.cpp
  Generating code
  Previous IPDB not found, fall back to full compilation.
  All 612 functions were compiled because no usable IPDB/IOBJ from previous compilation was found.
  Finished generating code
  Twitter10lf203.vcxproj -> C:\Users\anaop\OneDrive\Desktop\UNITBV\Anul2\twitter123\Twitter\build\bin\Release\x64\Twitter10lf203.exe
  C:\Users\anaop\OneDrive\Desktop\UNITBV\Anul2\twitter123\Twitter\ThirdParty\bin\x64\openal32.dll
  C:\Users\anaop\OneDrive\Desktop\UNITBV\Anul2\twitter123\Twitter\ThirdParty\bin\x64\sfml-audio-2.dll
  C:\Users\anaop\OneDrive\Desktop\UNITBV\Anul2\twitter123\Twitter\ThirdParty\bin\x64\sfml-audio-d-2.dll
  C:\Users\anaop\OneDrive\Desktop\UNITBV\Anul2\twitter123\Twitter\ThirdParty\bin\x64\sfml-graphics-2.dll
  C:\Users\anaop\OneDrive\Desktop\UNITBV\Anul2\twitter123\Twitter\ThirdParty\bin\x64\sfml-graphics-d-2.dll
  C:\Users\anaop\OneDrive\Desktop\UNITBV\Anul2\twitter123\Twitter\ThirdParty\bin\x64\sfml-network-2.dll
  C:\Users\anaop\OneDrive\Desktop\UNITBV\Anul2\twitter123\Twitter\ThirdParty\bin\x64\sfml-network-d-2.dll
  C:\Users\anaop\OneDrive\Desktop\UNITBV\Anul2\twitter123\Twitter\ThirdParty\bin\x64\sfml-system-2.dll
  C:\Users\anaop\OneDrive\Desktop\UNITBV\Anul2\twitter123\Twitter\ThirdParty\bin\x64\sfml-system-d-2.dll
  C:\Users\anaop\OneDrive\Desktop\UNITBV\Anul2\twitter123\Twitter\ThirdParty\bin\x64\sfml-window-2.dll
  C:\Users\anaop\OneDrive\Desktop\UNITBV\Anul2\twitter123\Twitter\ThirdParty\bin\x64\sfml-window-d-2.dll
  11 File(s) copied
